<?xml version="1.0" encoding="UTF-8"?>
<!-- Generated by org.testng.reporters.JUnitXMLReporter -->
<testsuite hostname="DESKTOP-68MMSVA" ignored="2" name="Carloan" tests="1" failures="0" timestamp="07 Feb 2023 18:00:39 GMT" time="0.004" errors="0">
  <testcase name="CarWeblogin" time="0.002" classname="package1.test3"/>
  <testcase name="CarAPIlogin" time="0.0" classname="package1.test3">
    <ignored/>
  </testcase> <!-- CarAPIlogin -->
  <testcase name="CarMobilelogin" time="0.0" classname="package1.test3">
    <ignored/>
  </testcase> <!-- CarMobilelogin -->
</testsuite> <!-- Carloan -->
