<?xml version="1.0" encoding="UTF-8"?>
<!-- Generated by org.testng.reporters.JUnitXMLReporter -->
<testsuite hostname="DESKTOP-68MMSVA" ignored="0" name="Module2" tests="6" failures="0" timestamp="06 Feb 2023 18:24:01 GMT" time="0.026" errors="0">
  <testcase name="script1" time="0.001" classname="package1.test4"/>
  <testcase name="script2" time="0.002" classname="package1.test4"/>
  <testcase name="script3" time="0.004" classname="package1.test4"/>
  <testcase name="CarAPIlogin" time="0.001" classname="package1.test3"/>
  <testcase name="CarMobilelogin" time="0.001" classname="package1.test3"/>
  <testcase name="CarWeblogin" time="0.002" classname="package1.test3"/>
</testsuite> <!-- Module2 -->
