<?xml version="1.0" encoding="UTF-8"?>
<!-- Generated by org.testng.reporters.JUnitXMLReporter -->
<testsuite hostname="DESKTOP-68MMSVA" ignored="3" name="Scripts" tests="1" failures="0" timestamp="07 Feb 2023 18:00:39 GMT" time="0.012" errors="0">
  <testcase name="Demo5" time="0.004" classname="package1.test4"/>
  <testcase name="script2" time="0.0" classname="package1.test4">
    <ignored/>
  </testcase> <!-- script2 -->
  <testcase name="script3" time="0.0" classname="package1.test4">
    <ignored/>
  </testcase> <!-- script3 -->
  <testcase name="script1" time="0.0" classname="package1.test4">
    <ignored/>
  </testcase> <!-- script1 -->
</testsuite> <!-- Scripts -->
