<?xml version="1.0" encoding="UTF-8"?>
<testng-results ignored="0" total="2" passed="2" failed="0" skipped="0">
  <reporter-output>
  </reporter-output>
  <suite started-at="2022-04-15T16:10:07 IST" name="Suite" finished-at="2022-04-15T16:10:21 IST" duration-ms="13939">
    <groups>
    </groups>
    <test started-at="2022-04-15T16:10:07 IST" name="Test" finished-at="2022-04-15T16:10:21 IST" duration-ms="13939">
      <class name="com.TestNG.TestNG">
        <test-method is-config="true" signature="setUp()[pri:0, instance:com.TestNG.TestNG@47c81abf]" started-at="2022-04-15T16:10:07 IST" name="setUp" finished-at="2022-04-15T16:10:15 IST" duration-ms="7958" status="PASS">
          <reporter-output>
          </reporter-output>
        </test-method> <!-- setUp -->
        <test-method signature="verifyPageTitleTest()[pri:1, instance:com.TestNG.TestNG@47c81abf]" started-at="2022-04-15T16:10:15 IST" name="verifyPageTitleTest" finished-at="2022-04-15T16:10:15 IST" duration-ms="23" status="PASS">
          <reporter-output>
          </reporter-output>
        </test-method> <!-- verifyPageTitleTest -->
        <test-method is-config="true" signature="tearDown()[pri:0, instance:com.TestNG.TestNG@47c81abf]" started-at="2022-04-15T16:10:15 IST" name="tearDown" finished-at="2022-04-15T16:10:15 IST" duration-ms="315" status="PASS">
          <reporter-output>
          </reporter-output>
        </test-method> <!-- tearDown -->
        <test-method is-config="true" signature="setUp()[pri:0, instance:com.TestNG.TestNG@47c81abf]" started-at="2022-04-15T16:10:15 IST" name="setUp" finished-at="2022-04-15T16:10:20 IST" duration-ms="5150" status="PASS">
          <reporter-output>
          </reporter-output>
        </test-method> <!-- setUp -->
        <test-method signature="verifyFreeCRMLogoTest()[pri:2, instance:com.TestNG.TestNG@47c81abf]" started-at="2022-04-15T16:10:20 IST" name="verifyFreeCRMLogoTest" finished-at="2022-04-15T16:10:21 IST" duration-ms="133" status="PASS">
          <reporter-output>
          </reporter-output>
        </test-method> <!-- verifyFreeCRMLogoTest -->
        <test-method is-config="true" signature="tearDown()[pri:0, instance:com.TestNG.TestNG@47c81abf]" started-at="2022-04-15T16:10:21 IST" name="tearDown" finished-at="2022-04-15T16:10:21 IST" duration-ms="279" status="PASS">
          <reporter-output>
          </reporter-output>
        </test-method> <!-- tearDown -->
      </class> <!-- com.TestNG.TestNG -->
    </test> <!-- Test -->
  </suite> <!-- Suite -->
</testng-results>
