<?xml version="1.0" encoding="UTF-8"?>
<testng-results skipped="0" failed="0" ignored="0" total="4" passed="4">
  <reporter-output>
  </reporter-output>
  <suite name="Default suite" duration-ms="36" started-at="2023-02-19T18:26:29Z" finished-at="2023-02-19T18:26:29Z">
    <groups>
      <group name="Smoke">
        <method signature="test2.Demo3()[pri:0, instance:package1.test2@2038ae61]" name="Demo3" class="package1.test2"/>
      </group> <!-- Smoke -->
    </groups>
    <test name="Default test" duration-ms="36" started-at="2023-02-19T18:26:29Z" finished-at="2023-02-19T18:26:29Z">
      <class name="package1.test2">
        <test-method status="PASS" signature="deeo7()[pri:0, instance:package1.test2@2038ae61]" name="deeo7" is-config="true" duration-ms="20" started-at="2023-02-19T18:26:29Z" finished-at="2023-02-19T18:26:29Z">
          <reporter-output>
          </reporter-output>
        </test-method> <!-- deeo7 -->
        <test-method status="PASS" signature="demo4()[pri:0, instance:package1.test2@2038ae61]" name="demo4" is-config="true" duration-ms="1" started-at="2023-02-19T18:26:29Z" finished-at="2023-02-19T18:26:29Z">
          <reporter-output>
          </reporter-output>
        </test-method> <!-- demo4 -->
        <test-method status="PASS" signature="Demo3()[pri:0, instance:package1.test2@2038ae61]" name="Demo3" duration-ms="4" started-at="2023-02-19T18:26:29Z" finished-at="2023-02-19T18:26:29Z">
          <reporter-output>
          </reporter-output>
        </test-method> <!-- Demo3 -->
        <test-method status="PASS" signature="Demo8(java.lang.String, java.lang.String)[pri:0, instance:package1.test2@2038ae61]" name="Demo8" duration-ms="3" started-at="2023-02-19T18:26:29Z" data-provider="dataprovider1" finished-at="2023-02-19T18:26:29Z">
          <params>
            <param index="0">
              <value>
                <![CDATA[username1]]>
              </value>
            </param>
            <param index="1">
              <value>
                <![CDATA[Password1]]>
              </value>
            </param>
          </params>
          <reporter-output>
          </reporter-output>
        </test-method> <!-- Demo8 -->
        <test-method status="PASS" signature="Demo8(java.lang.String, java.lang.String)[pri:0, instance:package1.test2@2038ae61]" name="Demo8" duration-ms="1" started-at="2023-02-19T18:26:29Z" data-provider="dataprovider1" finished-at="2023-02-19T18:26:29Z">
          <params>
            <param index="0">
              <value>
                <![CDATA[username2]]>
              </value>
            </param>
            <param index="1">
              <value>
                <![CDATA[Password2]]>
              </value>
            </param>
          </params>
          <reporter-output>
          </reporter-output>
        </test-method> <!-- Demo8 -->
        <test-method status="PASS" signature="Demo8(java.lang.String, java.lang.String)[pri:0, instance:package1.test2@2038ae61]" name="Demo8" duration-ms="1" started-at="2023-02-19T18:26:29Z" data-provider="dataprovider1" finished-at="2023-02-19T18:26:29Z">
          <params>
            <param index="0">
              <value>
                <![CDATA[username3]]>
              </value>
            </param>
            <param index="1">
              <value>
                <![CDATA[Password3]]>
              </value>
            </param>
          </params>
          <reporter-output>
          </reporter-output>
        </test-method> <!-- Demo8 -->
        <test-method status="PASS" signature="demo6()[pri:0, instance:package1.test2@2038ae61]" name="demo6" is-config="true" duration-ms="1" started-at="2023-02-19T18:26:29Z" finished-at="2023-02-19T18:26:29Z">
          <reporter-output>
          </reporter-output>
        </test-method> <!-- demo6 -->
      </class> <!-- package1.test2 -->
    </test> <!-- Default test -->
  </suite> <!-- Default suite -->
</testng-results>
